...
----- CHECK THE ROLLOUT PERFORMANCE (after model update) -----
MSE Rollout dim0:  2.2245382381190447e-05
MSE Rollout dim1:  7.604105231695383e-06
MSE Rollout dim2:  6.906621421997675e-05
MSE Rollout dim3:  6.226597037930171e-06
MSE Rollout dim4:  0.00010535123932100277
MSE Rollout dim5:  7.46929027684436e-06
MSE Rollout dim6:  0.0
MSE Rollout dim7:  0.0

----- REINFORCE THE POLICY -----
DROPOUT ACTIVE:
p_dropout: 0.25

Optimization step:  0
cost:  0.7334667311053944
cost improvement:  -0.7334667311053944
p_dropout_applied:  0.25
current_min_diff_cost;  0.02
current_min_step:  400
diff_cost_ratio:  0.0010050378152592135
time elapsed:  0.25017523765563965

Optimization step:  100
cost:  0.27775448313538065
cost improvement:  0.45571224797001375
p_dropout_applied:  0.25
current_min_diff_cost;  0.02
current_min_step:  400
diff_cost_ratio:  0.10033696814304961
time elapsed:  16.208338022232056

Optimization step:  200
cost:  0.28909834840005966
cost improvement:  -0.01134386526467901
p_dropout_applied:  0.25
current_min_diff_cost;  0.02
current_min_step:  400
diff_cost_ratio:  0.07447585101819301
time elapsed:  16.19017481803894
