This is pdfTeX, Version 3.141592653-2.6-1.40.25 (TeX Live 2023) (preloaded format=pdflatex 2026.2.21)  25 APR 2026 01:05
entering extended mode
 restricted \write18 enabled.
 %&-line parsing enabled.
**main.tex
(./main.tex
LaTeX2e <2022-11-01> patch level 1
L3 programming layer <2023-02-22>
(/usr/share/texlive/texmf-dist/tex/latex/base/article.cls
Document Class: article 2022/07/02 v1.4n Standard LaTeX document class
(/usr/share/texlive/texmf-dist/tex/latex/base/size10.clo
File: size10.clo 2022/07/02 v1.4n Standard LaTeX file (size option)
)
\c@part=\count185
\c@section=\count186
\c@subsection=\count187
\c@subsubsection=\count188
\c@paragraph=\count189
\c@subparagraph=\count190
\c@figure=\count191
\c@table=\count192
\abovecaptionskip=\skip48
\belowcaptionskip=\skip49
\bibindent=\dimen140
)
(/usr/share/texlive/texmf-dist/tex/latex/geometry/geometry.sty
Package: geometry 2020/01/02 v5.9 Page Geometry

(/usr/share/texlive/texmf-dist/tex/latex/graphics/keyval.sty
Package: keyval 2022/05/29 v1.15 key=value parser (DPC)
\KV@toks@=\toks16
)
(/usr/share/texlive/texmf-dist/tex/generic/iftex/ifvtex.sty
Package: ifvtex 2019/10/25 v1.7 ifvtex legacy package. Use iftex instead.

(/usr/share/texlive/texmf-dist/tex/generic/iftex/iftex.sty
Package: iftex 2022/02/03 v1.0f TeX engine tests
))
\Gm@cnth=\count193
\Gm@cntv=\count194
\c@Gm@tempcnt=\count195
\Gm@bindingoffset=\dimen141
\Gm@wd@mp=\dimen142
\Gm@odd@mp=\dimen143
\Gm@even@mp=\dimen144
\Gm@layoutwidth=\dimen145
\Gm@layoutheight=\dimen146
\Gm@layouthoffset=\dimen147
\Gm@layoutvoffset=\dimen148
\Gm@dimlist=\toks17
)
(/usr/share/texlive/texmf-dist/tex/latex/amsmath/amsmath.sty
Package: amsmath 2022/04/08 v2.17n AMS math features
\@mathmargin=\skip50

For additional information on amsmath, use the `?' option.
(/usr/share/texlive/texmf-dist/tex/latex/amsmath/amstext.sty
Package: amstext 2021/08/26 v2.01 AMS text

(/usr/share/texlive/texmf-dist/tex/latex/amsmath/amsgen.sty
File: amsgen.sty 1999/11/30 v2.0 generic functions
\@emptytoks=\toks18
\ex@=\dimen149
))
(/usr/share/texlive/texmf-dist/tex/latex/amsmath/amsbsy.sty
Package: amsbsy 1999/11/29 v1.2d Bold Symbols
\pmbraise@=\dimen150
)
(/usr/share/texlive/texmf-dist/tex/latex/amsmath/amsopn.sty
Package: amsopn 2022/04/08 v2.04 operator names
)
\inf@bad=\count196
LaTeX Info: Redefining \frac on input line 234.
\uproot@=\count197
\leftroot@=\count198
LaTeX Info: Redefining \overline on input line 399.
LaTeX Info: Redefining \colon on input line 410.
\classnum@=\count199
\DOTSCASE@=\count266
LaTeX Info: Redefining \ldots on input line 496.
LaTeX Info: Redefining \dots on input line 499.
LaTeX Info: Redefining \cdots on input line 620.
\Mathstrutbox@=\box51
\strutbox@=\box52
LaTeX Info: Redefining \big on input line 722.
LaTeX Info: Redefining \Big on input line 723.
LaTeX Info: Redefining \bigg on input line 724.
LaTeX Info: Redefining \Bigg on input line 725.
\big@size=\dimen151
LaTeX Font Info:    Redeclaring font encoding OML on input line 743.
LaTeX Font Info:    Redeclaring font encoding OMS on input line 744.
\macc@depth=\count267
LaTeX Info: Redefining \bmod on input line 905.
LaTeX Info: Redefining \pmod on input line 910.
LaTeX Info: Redefining \smash on input line 940.
LaTeX Info: Redefining \relbar on input line 970.
LaTeX Info: Redefining \Relbar on input line 971.
\c@MaxMatrixCols=\count268
\dotsspace@=\muskip16
\c@parentequation=\count269
\dspbrk@lvl=\count270
\tag@help=\toks19
\row@=\count271
\column@=\count272
\maxfields@=\count273
\andhelp@=\toks20
\eqnshift@=\dimen152
\alignsep@=\dimen153
\tagshift@=\dimen154
\tagwidth@=\dimen155
\totwidth@=\dimen156
\lineht@=\dimen157
\@envbody=\toks21
\multlinegap=\skip51
\multlinetaggap=\skip52
\mathdisplay@stack=\toks22
LaTeX Info: Redefining \[ on input line 2953.
LaTeX Info: Redefining \] on input line 2954.
)
(/usr/share/texlive/texmf-dist/tex/latex/amsfonts/amssymb.sty
Package: amssymb 2013/01/14 v3.01 AMS font symbols

(/usr/share/texlive/texmf-dist/tex/latex/amsfonts/amsfonts.sty
Package: amsfonts 2013/01/14 v3.01 Basic AMSFonts support
\symAMSa=\mathgroup4
\symAMSb=\mathgroup5
LaTeX Font Info:    Redeclaring math symbol \hbar on input line 98.
LaTeX Font Info:    Overwriting math alphabet `\mathfrak' in version `bold'
(Font)                  U/euf/m/n --> U/euf/b/n on input line 106.
))
(/usr/share/texlive/texmf-dist/tex/latex/amscls/amsthm.sty
Package: amsthm 2020/05/29 v2.20.6
\thm@style=\toks23
\thm@bodyfont=\toks24
\thm@headfont=\toks25
\thm@notefont=\toks26
\thm@headpunct=\toks27
\thm@preskip=\skip53
\thm@postskip=\skip54
\thm@headsep=\skip55
\dth@everypar=\toks28
)
(/usr/share/texlive/texmf-dist/tex/latex/graphics/graphicx.sty
Package: graphicx 2021/09/16 v1.2d Enhanced LaTeX Graphics (DPC,SPQR)

(/usr/share/texlive/texmf-dist/tex/latex/graphics/graphics.sty
Package: graphics 2022/03/10 v1.4e Standard LaTeX Graphics (DPC,SPQR)

(/usr/share/texlive/texmf-dist/tex/latex/graphics/trig.sty
Package: trig 2021/08/11 v1.11 sin cos tan (DPC)
)
(/usr/share/texlive/texmf-dist/tex/latex/graphics-cfg/graphics.cfg
File: graphics.cfg 2016/06/04 v1.11 sample graphics configuration
)
Package graphics Info: Driver file: pdftex.def on input line 107.

(/usr/share/texlive/texmf-dist/tex/latex/graphics-def/pdftex.def
File: pdftex.def 2022/09/22 v1.2b Graphics/color driver for pdftex
))
\Gin@req@height=\dimen158
\Gin@req@width=\dimen159
)
(/usr/share/texlive/texmf-dist/tex/latex/booktabs/booktabs.sty
Package: booktabs 2020/01/12 v1.61803398 Publication quality tables
\heavyrulewidth=\dimen160
\lightrulewidth=\dimen161
\cmidrulewidth=\dimen162
\belowrulesep=\dimen163
\belowbottomsep=\dimen164
\aboverulesep=\dimen165
\abovetopsep=\dimen166
\cmidrulesep=\dimen167
\cmidrulekern=\dimen168
\defaultaddspace=\dimen169
\@cmidla=\count274
\@cmidlb=\count275
\@aboverulesep=\dimen170
\@belowrulesep=\dimen171
\@thisruleclass=\count276
\@lastruleclass=\count277
\@thisrulewidth=\dimen172
)
(/usr/share/texlive/texmf-dist/tex/latex/xcolor/xcolor.sty
Package: xcolor 2022/06/12 v2.14 LaTeX color extensions (UK)

(/usr/share/texlive/texmf-dist/tex/latex/graphics-cfg/color.cfg
File: color.cfg 2016/01/02 v1.6 sample color configuration
)
Package xcolor Info: Driver file: pdftex.def on input line 227.

(/usr/share/texlive/texmf-dist/tex/latex/graphics/mathcolor.ltx)
Package xcolor Info: Model `cmy' substituted by `cmy0' on input line 1353.
Package xcolor Info: Model `hsb' substituted by `rgb' on input line 1357.
Package xcolor Info: Model `RGB' extended on input line 1369.
Package xcolor Info: Model `HTML' substituted by `rgb' on input line 1371.
Package xcolor Info: Model `Hsb' substituted by `hsb' on input line 1372.
Package xcolor Info: Model `tHsb' substituted by `hsb' on input line 1373.
Package xcolor Info: Model `HSB' substituted by `hsb' on input line 1374.
Package xcolor Info: Model `Gray' substituted by `gray' on input line 1375.
Package xcolor Info: Model `wave' substituted by `hsb' on input line 1376.
)
(/usr/share/texlive/texmf-dist/tex/latex/hyperref/hyperref.sty
Package: hyperref 2023-02-07 v7.00v Hypertext links for LaTeX

(/usr/share/texlive/texmf-dist/tex/generic/ltxcmds/ltxcmds.sty
Package: ltxcmds 2020-05-10 v1.25 LaTeX kernel commands for general use (HO)
)
(/usr/share/texlive/texmf-dist/tex/generic/pdftexcmds/pdftexcmds.sty
Package: pdftexcmds 2020-06-27 v0.33 Utility functions of pdfTeX for LuaTeX (HO
)

(/usr/share/texlive/texmf-dist/tex/generic/infwarerr/infwarerr.sty
Package: infwarerr 2019/12/03 v1.5 Providing info/warning/error messages (HO)
)
Package pdftexcmds Info: \pdf@primitive is available.
Package pdftexcmds Info: \pdf@ifprimitive is available.
Package pdftexcmds Info: \pdfdraftmode found.
)
(/usr/share/texlive/texmf-dist/tex/latex/kvsetkeys/kvsetkeys.sty
Package: kvsetkeys 2022-10-05 v1.19 Key value parser (HO)
)
(/usr/share/texlive/texmf-dist/tex/generic/kvdefinekeys/kvdefinekeys.sty
Package: kvdefinekeys 2019-12-19 v1.6 Define keys (HO)
)
(/usr/share/texlive/texmf-dist/tex/generic/pdfescape/pdfescape.sty
Package: pdfescape 2019/12/09 v1.15 Implements pdfTeX's escape features (HO)
)
(/usr/share/texlive/texmf-dist/tex/latex/hycolor/hycolor.sty
Package: hycolor 2020-01-27 v1.10 Color options for hyperref/bookmark (HO)
)
(/usr/share/texlive/texmf-dist/tex/latex/letltxmacro/letltxmacro.sty
Package: letltxmacro 2019/12/03 v1.6 Let assignment for LaTeX macros (HO)
)
(/usr/share/texlive/texmf-dist/tex/latex/auxhook/auxhook.sty
Package: auxhook 2019-12-17 v1.6 Hooks for auxiliary files (HO)
)
(/usr/share/texlive/texmf-dist/tex/latex/hyperref/nameref.sty
Package: nameref 2022-05-17 v2.50 Cross-referencing by name of section

(/usr/share/texlive/texmf-dist/tex/latex/refcount/refcount.sty
Package: refcount 2019/12/15 v3.6 Data extraction from label references (HO)
)
(/usr/share/texlive/texmf-dist/tex/generic/gettitlestring/gettitlestring.sty
Package: gettitlestring 2019/12/15 v1.6 Cleanup title references (HO)

(/usr/share/texlive/texmf-dist/tex/latex/kvoptions/kvoptions.sty
Package: kvoptions 2022-06-15 v3.15 Key value format for package options (HO)
))
\c@section@level=\count278
)
\@linkdim=\dimen173
\Hy@linkcounter=\count279
\Hy@pagecounter=\count280

(/usr/share/texlive/texmf-dist/tex/latex/hyperref/pd1enc.def
File: pd1enc.def 2023-02-07 v7.00v Hyperref: PDFDocEncoding definition (HO)
Now handling font encoding PD1 ...
... no UTF-8 mapping file for font encoding PD1
)
(/usr/share/texlive/texmf-dist/tex/generic/intcalc/intcalc.sty
Package: intcalc 2019/12/15 v1.3 Expandable calculations with integers (HO)
)
(/usr/share/texlive/texmf-dist/tex/generic/etexcmds/etexcmds.sty
Package: etexcmds 2019/12/15 v1.7 Avoid name clashes with e-TeX commands (HO)
)
\Hy@SavedSpaceFactor=\count281

(/usr/share/texlive/texmf-dist/tex/latex/hyperref/puenc.def
File: puenc.def 2023-02-07 v7.00v Hyperref: PDF Unicode definition (HO)
Now handling font encoding PU ...
... no UTF-8 mapping file for font encoding PU
)
Package hyperref Info: Hyper figures OFF on input line 4177.
Package hyperref Info: Link nesting OFF on input line 4182.
Package hyperref Info: Hyper index ON on input line 4185.
Package hyperref Info: Plain pages OFF on input line 4192.
Package hyperref Info: Backreferencing OFF on input line 4197.
Package hyperref Info: Implicit mode ON; LaTeX internals redefined.
Package hyperref Info: Bookmarks ON on input line 4425.
\c@Hy@tempcnt=\count282

(/usr/share/texlive/texmf-dist/tex/latex/url/url.sty
\Urlmuskip=\muskip17
Package: url 2013/09/16  ver 3.4  Verb mode for urls, etc.
)
LaTeX Info: Redefining \url on input line 4763.
\XeTeXLinkMargin=\dimen174

(/usr/share/texlive/texmf-dist/tex/generic/bitset/bitset.sty
Package: bitset 2019/12/09 v1.3 Handle bit-vector datatype (HO)

(/usr/share/texlive/texmf-dist/tex/generic/bigintcalc/bigintcalc.sty
Package: bigintcalc 2019/12/15 v1.5 Expandable calculations on big integers (HO
)
))
\Fld@menulength=\count283
\Field@Width=\dimen175
\Fld@charsize=\dimen176
Package hyperref Info: Hyper figures OFF on input line 6042.
Package hyperref Info: Link nesting OFF on input line 6047.
Package hyperref Info: Hyper index ON on input line 6050.
Package hyperref Info: backreferencing OFF on input line 6057.
Package hyperref Info: Link coloring OFF on input line 6062.
Package hyperref Info: Link coloring with OCG OFF on input line 6067.
Package hyperref Info: PDF/A mode OFF on input line 6072.

(/usr/share/texlive/texmf-dist/tex/latex/base/atbegshi-ltx.sty
Package: atbegshi-ltx 2021/01/10 v1.0c Emulation of the original atbegshi
package with kernel methods
)
\Hy@abspage=\count284
\c@Item=\count285
\c@Hfootnote=\count286
)
Package hyperref Info: Driver (autodetected): hpdftex.

(/usr/share/texlive/texmf-dist/tex/latex/hyperref/hpdftex.def
File: hpdftex.def 2023-02-07 v7.00v Hyperref driver for pdfTeX

(/usr/share/texlive/texmf-dist/tex/latex/base/atveryend-ltx.sty
Package: atveryend-ltx 2020/08/19 v1.0a Emulation of the original atveryend pac
kage
with kernel methods
)
\Fld@listcount=\count287
\c@bookmark@seq@number=\count288

(/usr/share/texlive/texmf-dist/tex/latex/rerunfilecheck/rerunfilecheck.sty
Package: rerunfilecheck 2022-07-10 v1.10 Rerun checks for auxiliary files (HO)

(/usr/share/texlive/texmf-dist/tex/generic/uniquecounter/uniquecounter.sty
Package: uniquecounter 2019/12/15 v1.4 Provide unlimited unique counter (HO)
)
Package uniquecounter Info: New unique counter `rerunfilecheck' on input line 2
85.
)
\Hy@SectionHShift=\skip56
)
(/usr/share/texlive/texmf-dist/tex/latex/algorithms/algorithm.sty
Package: algorithm 2009/08/24 v0.1 Document Style `algorithm' - floating enviro
nment

(/usr/share/texlive/texmf-dist/tex/latex/float/float.sty
Package: float 2001/11/08 v1.3d Float enhancements (AL)
\c@float@type=\count289
\float@exts=\toks29
\float@box=\box53
\@float@everytoks=\toks30
\@floatcapt=\box54
)
(/usr/share/texlive/texmf-dist/tex/latex/base/ifthen.sty
Package: ifthen 2022/04/13 v1.1d Standard LaTeX ifthen package (DPC)
)
\@float@every@algorithm=\toks31
\c@algorithm=\count290
)
(/usr/share/texlive/texmf-dist/tex/latex/algorithms/algorithmic.sty
Package: algorithmic 2009/08/24 v0.1 Document Style `algorithmic'
\c@ALC@unique=\count291
\c@ALC@line=\count292
\c@ALC@rem=\count293
\c@ALC@depth=\count294
\ALC@tlm=\skip57
\algorithmicindent=\skip58
)
(/usr/share/texlive/texmf-dist/tex/latex/natbib/natbib.sty
Package: natbib 2010/09/13 8.31b (PWD, AO)
\bibhang=\skip59
\bibsep=\skip60
LaTeX Info: Redefining \cite on input line 694.
\c@NAT@ctr=\count295
)
(/usr/share/texlive/texmf-dist/tex/latex/caption/subcaption.sty
Package: subcaption 2023/02/19 v1.6 Sub-captions (AR)

(/usr/share/texlive/texmf-dist/tex/latex/caption/caption.sty
Package: caption 2023/03/12 v3.6j Customizing captions (AR)

(/usr/share/texlive/texmf-dist/tex/latex/caption/caption3.sty
Package: caption3 2023/03/12 v2.4 caption3 kernel (AR)
\caption@tempdima=\dimen177
\captionmargin=\dimen178
\caption@leftmargin=\dimen179
\caption@rightmargin=\dimen180
\caption@width=\dimen181
\caption@indent=\dimen182
\caption@parindent=\dimen183
\caption@hangindent=\dimen184
Package caption Info: Standard document class detected.
)
\c@caption@flags=\count296
\c@continuedfloat=\count297
Package caption Info: float package is loaded.
Package caption Info: hyperref package is loaded.
)
Package caption Info: New subtype `subfigure' on input line 239.
\c@subfigure=\count298
Package caption Info: New subtype `subtable' on input line 239.
\c@subtable=\count299
)
(/usr/share/texlive/texmf-dist/tex/latex/base/fontenc.sty
Package: fontenc 2021/04/29 v2.0v Standard LaTeX package
)
\c@proposition=\count300
\c@remark=\count301

(/usr/share/texlive/texmf-dist/tex/latex/l3backend/l3backend-pdftex.def
File: l3backend-pdftex.def 2023-01-16 L3 backend support: PDF output (pdfTeX)
\l__color_backend_stack_int=\count302
\l__pdf_internal_box=\box55
)
(./main.aux

LaTeX Warning: Label `eq:cost' multiply defined.


LaTeX Warning: Label `prop:zeromean' multiply defined.

)
\openout1 = `main.aux'.

LaTeX Font Info:    Checking defaults for OML/cmm/m/it on input line 45.
LaTeX Font Info:    ... okay on input line 45.
LaTeX Font Info:    Checking defaults for OMS/cmsy/m/n on input line 45.
LaTeX Font Info:    ... okay on input line 45.
LaTeX Font Info:    Checking defaults for OT1/cmr/m/n on input line 45.
LaTeX Font Info:    ... okay on input line 45.
LaTeX Font Info:    Checking defaults for T1/cmr/m/n on input line 45.
LaTeX Font Info:    ... okay on input line 45.
LaTeX Font Info:    Checking defaults for TS1/cmr/m/n on input line 45.
LaTeX Font Info:    ... okay on input line 45.
LaTeX Font Info:    Checking defaults for OMX/cmex/m/n on input line 45.
LaTeX Font Info:    ... okay on input line 45.
LaTeX Font Info:    Checking defaults for U/cmr/m/n on input line 45.
LaTeX Font Info:    ... okay on input line 45.
LaTeX Font Info:    Checking defaults for PD1/pdf/m/n on input line 45.
LaTeX Font Info:    ... okay on input line 45.
LaTeX Font Info:    Checking defaults for PU/pdf/m/n on input line 45.
LaTeX Font Info:    ... okay on input line 45.

*geometry* driver: auto-detecting
*geometry* detected driver: pdftex
*geometry* verbose mode - [ preamble ] result:
* driver: pdftex
* paper: <default>
* layout: <same size as paper>
* layoutoffset:(h,v)=(0.0pt,0.0pt)
* modes: 
* h-part:(L,W,R)=(72.26999pt, 469.75502pt, 72.26999pt)
* v-part:(T,H,B)=(72.26999pt, 650.43001pt, 72.26999pt)
* \paperwidth=614.295pt
* \paperheight=794.96999pt
* \textwidth=469.75502pt
* \textheight=650.43001pt
* \oddsidemargin=0.0pt
* \evensidemargin=0.0pt
* \topmargin=-37.0pt
* \headheight=12.0pt
* \headsep=25.0pt
* \topskip=10.0pt
* \footskip=30.0pt
* \marginparwidth=4.0pt
* \marginparsep=10.0pt
* \columnsep=10.0pt
* \skip\footins=9.0pt plus 4.0pt minus 2.0pt
* \hoffset=0.0pt
* \voffset=0.0pt
* \mag=1000
* \@twocolumntrue
* \@twosidefalse
* \@mparswitchfalse
* \@reversemarginfalse
* (1in=72.27pt=25.4mm, 1cm=28.453pt)

(/usr/share/texlive/texmf-dist/tex/context/base/mkii/supp-pdf.mkii
[Loading MPS to PDF converter (version 2006.09.02).]
\scratchcounter=\count303
\scratchdimen=\dimen185
\scratchbox=\box56
\nofMPsegments=\count304
\nofMParguments=\count305
\everyMPshowfont=\toks32
\MPscratchCnt=\count306
\MPscratchDim=\dimen186
\MPnumerator=\count307
\makeMPintoPDFobject=\count308
\everyMPtoPDFconversion=\toks33
) (/usr/share/texlive/texmf-dist/tex/latex/epstopdf-pkg/epstopdf-base.sty
Package: epstopdf-base 2020-01-24 v2.11 Base part for package epstopdf

(/usr/share/texlive/texmf-dist/tex/latex/grfext/grfext.sty
Package: grfext 2019/12/03 v1.3 Manage graphics extensions (HO)
)
Package epstopdf-base Info: Redefining graphics rule for `.eps' on input line 4
85.
Package grfext Info: Graphics extension search list:
(grfext)             [.pdf,.png,.jpg,.mps,.jpeg,.jbig2,.jb2,.PDF,.PNG,.JPG,.JPE
G,.JBIG2,.JB2,.eps]
(grfext)             \AppendGraphicsExtensions on input line 504.

(/usr/share/texlive/texmf-dist/tex/latex/latexconfig/epstopdf-sys.cfg
File: epstopdf-sys.cfg 2010/07/13 v1.3 Configuration of (r)epstopdf for TeX Liv
e
))
Package hyperref Info: Link coloring OFF on input line 45.

(./main.out) (./main.out)
\@outlinefile=\write3
\openout3 = `main.out'.

Package caption Info: Begin \AtBeginDocument code.
Package caption Info: End \AtBeginDocument code.
LaTeX Font Info:    Trying to load font information for U+msa on input line 47.


(/usr/share/texlive/texmf-dist/tex/latex/amsfonts/umsa.fd
File: umsa.fd 2013/01/14 v3.01 AMS symbols A
)
LaTeX Font Info:    Trying to load font information for U+msb on input line 47.


(/usr/share/texlive/texmf-dist/tex/latex/amsfonts/umsb.fd
File: umsb.fd 2013/01/14 v3.01 AMS symbols B
)
LaTeX Font Info:    Trying to load font information for T1+cmtt on input line 4
7.

(/usr/share/texlive/texmf-dist/tex/latex/base/t1cmtt.fd
File: t1cmtt.fd 2022/07/10 v2.5l Standard LaTeX font definitions
)
(./sections/abstract.tex) (./sections/introduction.tex
Underfull \vbox (badness 10000) has occurred while \output is active []


Underfull \hbox (badness 4805) in paragraph at lines 18--32
\T1/cmr/m/n/10 tric Re-search Lab-o-ra-to-ries[] [[]2022[]]---a Gaussian-
 []

[1{/var/lib/texmf/fonts/map/pdftex/updmap/pdftex.map}{/usr/share/texlive/texmf-
dist/fonts/enc/dvips/cm-super/cm-super-t1.enc}


]
Underfull \hbox (badness 1205) in paragraph at lines 60--63
\T1/cmr/m/n/10 self-contained bal-lis-tic sim-u-la-tor and Py-Bul-
 []


Underfull \hbox (badness 1077) in paragraph at lines 69--72
[]\T1/cmr/bx/n/10 Lengthscale-to-range scal-ing rule. \T1/cmr/m/n/10 The
 []

) (./sections/background.tex
Underfull \hbox (badness 1527) in paragraph at lines 91--1
 []\T1/cmr/bx/n/10 Paper struc-ture.[] \T1/cmr/m/n/10 Sec-tion []2[] re-views t
he MC-
 []

[2]
Overfull \hbox (11.58644pt too wide) detected at line 59
[][][]\OML/cmm/m/it/10 ^^Y[]\OT1/cmr/m/n/10 (\OT1/cmr/bx/n/10 P\OT1/cmr/m/n/10 
) = []  [] \OML/cmm/m/it/10 ;
 []


Underfull \hbox (badness 2384) in paragraph at lines 61--66
[]\T1/cmr/m/n/10 where $\OML/cmm/m/it/10 u[]$ \T1/cmr/m/n/10 is the max-i-mum a
l-low-able speed,
 []

) (./sections/system.tex
LaTeX Font Info:    Font shape `T1/cmtt/bx/n' in size <10> not available
(Font)              Font shape `T1/cmtt/m/n' tried instead on input line 32.
 [3]
Underfull \hbox (badness 10000) in paragraph at lines 37--41
[]\T1/cmtt/m/n/10 mc-pilot-elevated/ \T1/cmr/m/n/10 ^^V Release-height
 []


Underfull \hbox (badness 10000) in paragraph at lines 37--41
\T1/cmr/m/n/10 study. Sweeps five re-lease heights
 []


LaTeX Warning: Reference `sec:noise' on page 4 undefined on input line 46.


Underfull \hbox (badness 10000) in paragraph at lines 88--91
[]\T1/cmr/bx/n/10 Ball at-tach-ment and re-lease. \T1/cmr/m/n/10 A
 []


Underfull \hbox (badness 10000) in paragraph at lines 88--91
\T1/cmtt/m/n/10 JOINT_FIXED \T1/cmr/m/n/10 con-straint (\T1/cmtt/m/n/10 attach_
ball()\T1/cmr/m/n/10 )
 []

) (./sections/implementation.tex
Underfull \hbox (badness 10000) in paragraph at lines 104--1
[][]\T1/cmr/bx/n/10 [DATA NEEDED: ar-chi-tec-ture di-a-
 []


Underfull \hbox (badness 6708) in paragraph at lines 104--1
\T1/cmr/bx/n/10 gram (two-layer block di-a-gram show-ing
 []


Underfull \hbox (badness 10000) in paragraph at lines 16--22
\T1/cmr/m/n/10 raised \T1/cmtt/m/n/10 RuntimeError: element 0 of tensors
 []


Underfull \hbox (badness 10000) in paragraph at lines 16--22
\T1/cmtt/m/n/10 does not require grad and does not have a
 []


Underfull \hbox (badness 10000) in paragraph at lines 23--33
\T1/cmr/m/n/10 a-rates par-ti-cle prop-a-ga-tion into two stages:
 []


Underfull \hbox (badness 10000) in paragraph at lines 23--33
\T1/cmtt/m/n/10 apply_policy() \T1/cmr/m/n/10 com-putes the com-manded
 []


Underfull \hbox (badness 10000) in paragraph at lines 23--33
\T1/cmr/m/n/10 the sim-u-la-tor, and \T1/cmtt/m/n/10 data_to_gp_input() \T1/cmr
/m/n/10 pre-
 []


Underfull \hbox (badness 1454) in paragraph at lines 23--33
\T1/cmtt/m/n/10 data_to_gp_input() \T1/cmr/m/n/10 strips all in-put di-men-sion
s
 []

[4{/usr/share/texlive/texmf-dist/fonts/enc/dvips/cm-super/cm-super-ts1.enc}]
Underfull \hbox (badness 1406) in paragraph at lines 59--65
\T1/cmr/bx/n/10 Symptom. \T1/cmr/m/n/10 Be-fore any fix, the per-trial cost
 []

[5]
Underfull \hbox (badness 3872) in paragraph at lines 168--175
[]\T1/cmr/bx/n/10 Symptom B: opt_steps_list in-dex out
 []


Underfull \hbox (badness 1117) in paragraph at lines 168--175
\T1/cmr/bx/n/10 of range. \T1/cmr/m/n/10 MC-PILCO in-dexes a pre-allocated
 []


Underfull \hbox (badness 10000) in paragraph at lines 168--175
\T1/cmr/m/n/10 list \T1/cmtt/m/n/10 opt_steps_list \T1/cmr/m/n/10 by \T1/cmtt/m
/n/10 trial_index\T1/cmr/m/n/10 , where
 []


Underfull \hbox (badness 3049) in paragraph at lines 168--175
\T1/cmr/m/n/10 op-ti-mi-sa-tion trial), so \T1/cmtt/m/n/10 trial_index = 4 \T1/
cmr/m/n/10 im-me-
 []

) (./sections/study1_height.tex
Underfull \hbox (badness 10000) in paragraph at lines 40--40
[]\T1/cmr/m/n/9 Stratified
 []


Overfull \hbox (66.10657pt too wide) in paragraph at lines 30--43
 [][] 
 []


Underfull \vbox (badness 2073) has occurred while \output is active []

 [6]
Overfull \hbox (132.42105pt too wide) in paragraph at lines 104--122
 [][] 
 []

[7]
Underfull \hbox (badness 10000) in paragraph at lines 183--183
[]\T1/cmr/bx/n/12 Lengthscale-to-Range Scal-ing
 []


Overfull \hbox (19.86649pt too wide) in paragraph at lines 228--240
 [][] 
 []

) (./sections/study2_noise.tex
Underfull \hbox (badness 10000) in paragraph at lines 26--30
\T1/cmr/m/n/10 All three mod-els are re-alised
 []


Underfull \hbox (badness 10000) in paragraph at lines 26--30
\T1/cmr/m/n/10 through the \T1/cmtt/m/n/10 perturb_numpy \T1/cmr/m/n/10 in-ter-
face:
 []


Underfull \hbox (badness 1735) in paragraph at lines 26--30
[]\OT1/cmr/m/n/10 (\OT1/cmr/bx/n/10 v[]\OML/cmm/m/it/10 ;  n\OT1/cmr/m/n/10 ) \
OMS/cmsy/m/n/10 ! \OT1/cmr/m/n/10 (\OML/cmm/m/it/10 ;  []\OT1/cmr/m/n/10 )$\T1
/cmr/m/n/10 , re-turn-ing a
 []

[8]
Underfull \hbox (badness 10000) in paragraph at lines 52--53
 []\T1/cmr/bx/n/10 VelocitySlipNoise.[] \T1/cmr/m/n/10 A mul-ti-plica-tive unde
r-
 []


Underfull \hbox (badness 10000) in paragraph at lines 75--75
[]\T1/cmr/bx/n/12 Zero-Mean Un-learn-abil-ity and
 []


Underfull \hbox (badness 2717) in paragraph at lines 130--130
[]\T1/cmr/bx/n/12 Empirical Com-par-i-son: Noise-
 []


Overfull \hbox (48.92099pt too wide) in paragraph at lines 145--153
 [][] 
 []

[9]) (./sections/study3_combined.tex
Underfull \hbox (badness 1152) in paragraph at lines 6--18
\T1/cmr/m/n/10 us-ing the NumPy bal-lis-tic sim-u-la-tor. Study 2
 []


Underfull \hbox (badness 10000) in paragraph at lines 25--40
 []\T1/cmr/bx/n/10 Joint ve-loc-ity cap.[] \T1/cmr/m/n/10 The KUKA
 []


Underfull \hbox (badness 10000) in paragraph at lines 25--40
\T1/cmr/m/n/10 iiwa7 hard-ware joint ve-loc-ity lim-its are
 []


Underfull \hbox (badness 3460) in paragraph at lines 25--40
\OT1/cmr/m/n/10 [1\OML/cmm/m/it/10 :\OT1/cmr/m/n/10 71\OML/cmm/m/it/10 ;  \OT1/
cmr/m/n/10 1\OML/cmm/m/it/10 :\OT1/cmr/m/n/10 71\OML/cmm/m/it/10 ;  \OT1/cmr/m/
n/10 1\OML/cmm/m/it/10 :\OT1/cmr/m/n/10 75\OML/cmm/m/it/10 ;  \OT1/cmr/m/n/10 2
\OML/cmm/m/it/10 :\OT1/cmr/m/n/10 27\OML/cmm/m/it/10 ;  \OT1/cmr/m/n/10 2\OML/c
mm/m/it/10 :\OT1/cmr/m/n/10 44\OML/cmm/m/it/10 ;  \OT1/cmr/m/n/10 3\OML/cmm/m/i
t/10 :\OT1/cmr/m/n/10 14\OML/cmm/m/it/10 ;  \OT1/cmr/m/n/10 3\OML/cmm/m/it/10 :
\OT1/cmr/m/n/10 14]$\T1/cmr/m/n/10 rad/s. For
 []


Underfull \hbox (badness 1253) in paragraph at lines 25--40
\T1/cmr/m/n/10 multi-joint co-or-di-nated mo-tion, these lim-its cap
 []


Underfull \hbox (badness 1028) in paragraph at lines 25--40
\T1/cmr/m/n/10 the achiev-able end-effector (EE) lin-ear speed at
 []

[10]
Overfull \hbox (3.94229pt too wide) in paragraph at lines 60--69
 [][] 
 []


Underfull \hbox (badness 5189) in paragraph at lines 74--82
\T1/cmtt/m/n/10 mc-pilot-pb-elevated/ \T1/cmr/m/n/10 was cre-ated by copy-
 []


Underfull \hbox (badness 10000) in paragraph at lines 74--82
\T1/cmr/m/n/10 ing \T1/cmtt/m/n/10 mc-pilot-pybullet/ \T1/cmr/m/n/10 (which con
-tains
 []


Underfull \hbox (badness 10000) in paragraph at lines 74--82
\T1/cmr/m/n/10 all Py-Bul-let plumb-ing) and adapt-ing it to
 []


Underfull \hbox (badness 10000) in paragraph at lines 74--82
\T1/cmr/m/n/10 the el-e-vated hy-per-pa-ram-e-ter sets. Noise-
 []


Underfull \hbox (badness 10000) in paragraph at lines 74--82
\T1/cmr/m/n/10 specific scripts (\T1/cmtt/m/n/10 test_mc_pilot_pb_B.py\T1/cmr/m
/n/10 ,
 []


Underfull \hbox (badness 10000) in paragraph at lines 74--82
\T1/cmtt/m/n/10 test_mc_pilot_pb_C.py\T1/cmr/m/n/10 ) were re-moved; the
 []


Overfull \hbox (138.28787pt too wide) in paragraph at lines 84--85
[]\T1/cmtt/m/n/10 PyBulletThrowingSystem(base_position=...,vel_limit_multiplier
=1.5) 
 []


Overfull \hbox (17.56735pt too wide) in paragraph at lines 85--87
[]\T1/cmtt/m/n/10 ArmController(...,vel_limit_multiplier=1.5)
 []


Underfull \hbox (badness 10000) in paragraph at lines 85--87
\T1/cmr/m/n/10 via \T1/cmtt/m/n/10 self._qd_max =
 []


Underfull \hbox (badness 10000) in paragraph at lines 94--103
 []\T1/cmr/bx/n/10 Verification.[] \T1/cmr/m/n/10 Run-ning \T1/cmtt/m/n/10 stan
dalone_throw.py
 []


Underfull \hbox (badness 10000) in paragraph at lines 94--103
\T1/cmtt/m/n/10 --direct --speed 3.5 --z_release 1.0 \T1/cmr/m/n/10 con-firms
 []


Underfull \hbox (badness 1655) in paragraph at lines 94--103
\T1/cmr/m/n/10 B---a 5--10% up-ward off-set at-tributable to per-
 []


Underfull \hbox (badness 1803) in paragraph at lines 94--103
\T1/cmr/m/n/10 (not NumPy pre-dic-tions), it learns the cor-rect
 []


Underfull \hbox (badness 6001) in paragraph at lines 104--104
[]\T1/cmr/bx/n/12 PyBullet--NumPy Physics Dis-
 []


Underfull \hbox (badness 1097) in paragraph at lines 122--128
\T1/cmr/m/n/10 After train-ing com-pletes, \T1/cmtt/m/n/10 demo_pybullet_gui.py

 []


Underfull \hbox (badness 6775) in paragraph at lines 122--128
\T1/cmr/m/n/10 loads the saved pol-icy from \T1/cmtt/m/n/10 log.pkl \T1/cmr/m/n
/10 (read-
 []


Underfull \hbox (badness 6708) in paragraph at lines 122--128
\T1/cmr/m/n/10 ing \T1/cmtt/m/n/10 parameters_trial_list[-1]\T1/cmr/m/n/10 , wh
ich stores
 []


Underfull \hbox (badness 10000) in paragraph at lines 134--138
\T1/cmr/m/n/10 Optional flags: \T1/cmtt/m/n/10 --record output.mp4 \T1/cmr/m/n/
10 (via
 []


Underfull \hbox (badness 10000) in paragraph at lines 134--138
\T1/cmtt/m/n/10 startStateLogging(STATE_LOGGING_VIDEO_MP4)\T1/cmr/m/n/10 )
 []


Underfull \hbox (badness 10000) in paragraph at lines 134--138
\T1/cmr/m/n/10 and \T1/cmtt/m/n/10 --slow N \T1/cmr/m/n/10 to mul-ti-ply \T1/cm
tt/m/n/10 time.sleep(dt)
 []


Underfull \hbox (badness 10000) in paragraph at lines 134--138
\T1/cmr/m/n/10 for slower play-back. Com-mand:
 []


Underfull \hbox (badness 10000) in paragraph at lines 134--138
\T1/cmtt/m/n/10 python demo_pybullet_gui.py --log_path
 []


Underfull \hbox (badness 2119) in paragraph at lines 143--144
[]\T1/cmr/bx/n/10 [DATA NEEDED: Run Study 3 train-ing
 []

) (./sections/study4_wind.tex [11]
Underfull \hbox (badness 1783) in paragraph at lines 7--10
[]\T1/cmr/m/n/10 Outdoor or atrium-deployed throw-ing sys-tems
 []

) (./sections/discussion.tex
Underfull \hbox (badness 2237) in paragraph at lines 4--4
[]\T1/cmr/bx/n/12 Geometry-Dependence of Al-go-
 []


Underfull \vbox (badness 3158) has occurred while \output is active []

 [12]
Underfull \hbox (badness 10000) in paragraph at lines 91--97
\T1/cmr/m/n/10 Setting the ball ve-loc-ity ex-plic-itly via
 []


Underfull \hbox (badness 10000) in paragraph at lines 91--97
\T1/cmtt/m/n/10 resetBaseVelocity \T1/cmr/m/n/10 at re-lease de-cou-ples arm
 []

) (./sections/conclusion.tex
Underfull \hbox (badness 1057) in paragraph at lines 4--7
\T1/cmr/m/n/10 We pre-sented a di-ag-nos-tic re-pro-duc-tion of MC-
 []


Underfull \vbox (badness 1755) has occurred while \output is active []

 [13]
Underfull \hbox (badness 10000) in paragraph at lines 26--33
[]\T1/cmr/m/n/10 Third, the release-height gen-er-al-i-sa-tion
 []


Underfull \hbox (badness 10000) in paragraph at lines 26--33
\T1/cmr/m/n/10 study demon-strates 100% hit rates on
 []


Underfull \hbox (badness 1215) in paragraph at lines 26--33
\OML/cmm/m/it/10 z \OMS/cmsy/m/n/10 2 f\OT1/cmr/m/n/10 0\OML/cmm/m/it/10 :\OT1/
cmr/m/n/10 5\OML/cmm/m/it/10 ; \OT1/cmr/m/n/10 1\OML/cmm/m/it/10 :\OT1/cmr/m/n/
10 0\OML/cmm/m/it/10 ; \OT1/cmr/m/n/10 1\OML/cmm/m/it/10 :\OT1/cmr/m/n/10 5\OML
/cmm/m/it/10 ; \OT1/cmr/m/n/10 2\OML/cmm/m/it/10 :\OT1/cmr/m/n/10 0\OMS/cmsy/m/
n/10 g$\T1/cmr/m/n/10 m with mean land-ing er-
 []


Underfull \hbox (badness 1314) in paragraph at lines 26--33
\T1/cmr/m/n/10 con-firm that the cor-rected al-go-rithm gen-er-alises
 []

) (./main.bbl
Underfull \hbox (badness 1527) in paragraph at lines 9--14
\T1/cmr/m/n/10 learning-based con-trol.  []$\T1/cmtt/m/n/10 https : / / github 
. com /
 []


Underfull \vbox (badness 10000) has occurred while \output is active []


Underfull \hbox (badness 6825) in paragraph at lines 17--22
[]\T1/cmr/m/n/10 N. Tur-cato, G. Gi-a-co-muzzo, R. Carli, and
 []

) [14] (./sections/appendix.tex
Overfull \hbox (133.3043pt too wide) in paragraph at lines 21--41
 [][] 
 []

[15


]) [16] (./main.aux)

LaTeX Warning: There were undefined references.


LaTeX Warning: There were multiply-defined labels.

Package rerunfilecheck Info: File `main.out' has not changed.
(rerunfilecheck)             Checksum: F257FCC0C4ED05E2B71FF35E46CAE629;8566.
 ) 
Here is how much of TeX's memory you used:
 13200 strings out of 477985
 207153 string characters out of 5839380
 1875388 words of memory out of 6000000
 33021 multiletter control sequences out of 15000+600000
 535834 words of font info for 94 fonts, out of 8000000 for 9000
 14 hyphenation exceptions out of 8191
 75i,15n,77p,513b,539s stack positions out of 10000i,1000n,20000p,200000b,200000s
</usr/share/texlive/texmf-dist/fonts/type1/public/amsfonts/cm/cmbx10.pfb></us
r/share/texlive/texmf-dist/fonts/type1/public/amsfonts/cm/cmbx7.pfb></usr/share
/texlive/texmf-dist/fonts/type1/public/amsfonts/cm/cmex10.pfb></usr/share/texli
ve/texmf-dist/fonts/type1/public/amsfonts/cm/cmmi10.pfb></usr/share/texlive/tex
mf-dist/fonts/type1/public/amsfonts/cm/cmmi5.pfb></usr/share/texlive/texmf-dist
/fonts/type1/public/amsfonts/cm/cmmi6.pfb></usr/share/texlive/texmf-dist/fonts/
type1/public/amsfonts/cm/cmmi7.pfb></usr/share/texlive/texmf-dist/fonts/type1/p
ublic/amsfonts/cm/cmmi9.pfb></usr/share/texlive/texmf-dist/fonts/type1/public/a
msfonts/cm/cmmib10.pfb></usr/share/texlive/texmf-dist/fonts/type1/public/amsfon
ts/cmextra/cmmib7.pfb></usr/share/texlive/texmf-dist/fonts/type1/public/amsfont
s/cm/cmr10.pfb></usr/share/texlive/texmf-dist/fonts/type1/public/amsfonts/cm/cm
r5.pfb></usr/share/texlive/texmf-dist/fonts/type1/public/amsfonts/cm/cmr6.pfb><
/usr/share/texlive/texmf-dist/fonts/type1/public/amsfonts/cm/cmr7.pfb></usr/sha
re/texlive/texmf-dist/fonts/type1/public/amsfonts/cm/cmr9.pfb></usr/share/texli
ve/texmf-dist/fonts/type1/public/amsfonts/cm/cmsy10.pfb></usr/share/texlive/tex
mf-dist/fonts/type1/public/amsfonts/cm/cmsy5.pfb></usr/share/texlive/texmf-dist
/fonts/type1/public/amsfonts/cm/cmsy7.pfb></usr/share/texlive/texmf-dist/fonts/
type1/public/amsfonts/cm/cmsy9.pfb></usr/share/texlive/texmf-dist/fonts/type1/p
ublic/amsfonts/symbols/msam10.pfb></usr/share/texlive/texmf-dist/fonts/type1/pu
blic/amsfonts/symbols/msbm10.pfb></usr/share/texlive/texmf-dist/fonts/type1/pub
lic/cm-super/sfbx0900.pfb></usr/share/texlive/texmf-dist/fonts/type1/public/cm-
super/sfbx1000.pfb></usr/share/texlive/texmf-dist/fonts/type1/public/cm-super/s
fbx1200.pfb></usr/share/texlive/texmf-dist/fonts/type1/public/cm-super/sfbx1440
.pfb></usr/share/texlive/texmf-dist/fonts/type1/public/cm-super/sfbx1728.pfb></
usr/share/texlive/texmf-dist/fonts/type1/public/cm-super/sfrm0900.pfb></usr/sha
re/texlive/texmf-dist/fonts/type1/public/cm-super/sfrm1000.pfb></usr/share/texl
ive/texmf-dist/fonts/type1/public/cm-super/sfrm1200.pfb></usr/share/texlive/tex
mf-dist/fonts/type1/public/cm-super/sfti1000.pfb></usr/share/texlive/texmf-dist
/fonts/type1/public/cm-super/sftt1000.pfb></usr/share/texlive/texmf-dist/fonts/
type1/public/cm-super/sftt1200.pfb>
Output written on main.pdf (16 pages, 574913 bytes).
PDF statistics:
 614 PDF objects out of 1000 (max. 8388607)
 525 compressed objects within 6 object streams
 140 named destinations out of 1000 (max. 500000)
 361 words of extra memory for PDF output out of 10000 (max. 10000000)

